[debug] [2025-09-06T19:00:04.753Z] ----------------------------------------------------------------------
[debug] [2025-09-06T19:00:04.757Z] Command:       C:\Program Files\nodejs\node.exe C:\Users\verma\AppData\Local\npm-cache\_npx\ba4f1959e38407b5\node_modules\firebase-tools\lib\bin\firebase.js init dataconnect
[debug] [2025-09-06T19:00:04.757Z] CLI Version:   14.15.2
[debug] [2025-09-06T19:00:04.757Z] Platform:      win32
[debug] [2025-09-06T19:00:04.757Z] Node Version:  v22.17.1
[debug] [2025-09-06T19:00:04.758Z] Time:          Sun Sep 07 2025 00:30:04 GMT+0530 (India Standard Time)
[debug] [2025-09-06T19:00:04.758Z] ----------------------------------------------------------------------
[debug] 
[debug] [2025-09-06T19:00:04.766Z] > command requires scopes: ["email","openid","https://www.googleapis.com/auth/cloudplatformprojects.readonly","https://www.googleapis.com/auth/firebase","https://www.googleapis.com/auth/cloud-platform"]
[debug] [2025-09-06T19:00:04.767Z] > authorizing via signed-in user (vermaharsh78898@gmail.com)
[info] 
     ######## #### ########  ######## ########     ###     ######  ########
     ##        ##  ##     ## ##       ##     ##  ##   ##  ##       ##
     ######    ##  ########  ######   ########  #########  ######  ######
     ##        ##  ##    ##  ##       ##     ## ##     ##       ## ##
     ##       #### ##     ## ######## ########  ##     ##  ######  ########

You're about to initialize a Firebase project in this directory:

  C:\Users\verma\OneDrive\Desktop\Taco

[info] 
=== Project Setup
[info] 
[info] First, let's associate this project directory with a Firebase project.
[info] You can create multiple project aliases by running firebase use --add, 
[info] but for now we'll just set up a default project.
[info] 
[debug] [2025-09-06T19:00:19.067Z] Checked if tokens are valid: true, expires at: 1757188524554
[debug] [2025-09-06T19:00:19.068Z] Checked if tokens are valid: true, expires at: 1757188524554
[debug] [2025-09-06T19:00:19.071Z] >>> [apiv2][query] GET https://firebase.googleapis.com/v1beta1/availableProjects pageSize=100
[debug] [2025-09-06T19:00:20.236Z] <<< [apiv2][status] GET https://firebase.googleapis.com/v1beta1/availableProjects 200
[debug] [2025-09-06T19:00:20.236Z] <<< [apiv2][body] GET https://firebase.googleapis.com/v1beta1/availableProjects [omitted]
